# JRE version: OpenJDK Runtime Environment Microsoft-7626293 (17.0.7+7) (build 17.0.7+7-LTS)
# Java VM: OpenJDK 64-Bit Server VM Microsoft-7626293 (17.0.7+7-LTS, mixed mode, sharing, tiered, compressed oops, compressed class ptrs, g1 gc, windows-amd64)
GC Precious Log:
 CPUs: 16 total, 16 available
 Memory: 61153M
 Large Page Support: Disabled
 NUMA Support: Disabled
 Compressed Oops: Enabled (Zero based)
 Heap Region Size: 8M
 Heap Min Capacity: 8M
 Heap Initial Capacity: 960M
 Heap Max Capacity: 15296M
 Pre-touch: Disabled
 Parallel Workers: 13
 Concurrent Workers: 3
 Concurrent Refinement Workers: 13
 Periodic GC: Disabled
Heap:
 garbage-first heap   total 3809280K, used 268479K [0x0000000444000000, 0x0000000800000000)
  region size 8192K, 1 young (8192K), 1 survivors (8192K)
 Metaspace       used 89096K, committed 89472K, reserved 1179648K
  class space    used 8557K, committed 8768K, reserved 1048576K
GC Heap History (20 events):
Event: 27.781 GC heap after
{Heap after GC invocations=43 (full 10):
 garbage-first heap   total 557056K, used 250785K [0x0000000444000000, 0x0000000800000000)
  region size 8192K, 2 young (16384K), 2 survivors (16384K)
 Metaspace       used 84501K, committed 84864K, reserved 1179648K
  class space    used 8277K, committed 8448K, reserved 1048576K
}
Event: 27.786 GC heap before
{Heap before GC invocations=43 (full 10):
 garbage-first heap   total 557056K, used 291745K [0x0000000444000000, 0x0000000800000000)
  region size 8192K, 3 young (24576K), 2 survivors (16384K)
 Metaspace       used 84501K, committed 84864K, reserved 1179648K
  class space    used 8277K, committed 8448K, reserved 1048576K
}
Event: 27.792 GC heap after
{Heap after GC invocations=44 (full 10):
 garbage-first heap   total 1269760K, used 250501K [0x0000000444000000, 0x0000000800000000)
  region size 8192K, 2 young (16384K), 2 survivors (16384K)
 Metaspace       used 84501K, committed 84864K, reserved 1179648K
  class space    used 8277K, committed 8448K, reserved 1048576K
}
Event: 27.807 GC heap before
{Heap before GC invocations=44 (full 10):
 garbage-first heap   total 1269760K, used 422533K [0x0000000444000000, 0x0000000800000000)
  region size 8192K, 3 young (24576K), 2 survivors (16384K)
 Metaspace       used 84527K, committed 84864K, reserved 1179648K
  class space    used 8281K, committed 8448K, reserved 1048576K
}
Event: 27.812 GC heap after
{Heap after GC invocations=45 (full 10):
 garbage-first heap   total 1269760K, used 250540K [0x0000000444000000, 0x0000000800000000)
  region size 8192K, 2 young (16384K), 2 survivors (16384K)
 Metaspace       used 84527K, committed 84864K, reserved 1179648K
  class space    used 8281K, committed 8448K, reserved 1048576K
}
Event: 27.822 GC heap before
{Heap before GC invocations=45 (full 10):
 garbage-first heap   total 1269760K, used 422572K [0x0000000444000000, 0x0000000800000000)
  region size 8192K, 3 young (24576K), 2 survivors (16384K)
 Metaspace       used 84527K, committed 84864K, reserved 1179648K
  class space    used 8281K, committed 8448K, reserved 1048576K
}
Event: 27.828 GC heap after
{Heap after GC invocations=46 (full 10):
 garbage-first heap   total 1269760K, used 250635K [0x0000000444000000, 0x0000000800000000)
  region size 8192K, 2 young (16384K), 2 survivors (16384K)
 Metaspace       used 84527K, committed 84864K, reserved 1179648K
  class space    used 8281K, committed 8448K, reserved 1048576K
}
Event: 27.837 GC heap before
{Heap before GC invocations=46 (full 10):
 garbage-first heap   total 1269760K, used 422667K [0x0000000444000000, 0x0000000800000000)
  region size 8192K, 3 young (24576K), 2 survivors (16384K)
 Metaspace       used 84527K, committed 84864K, reserved 1179648K
  class space    used 8281K, committed 8448K, reserved 1048576K
}
Event: 27.842 GC heap after
{Heap after GC invocations=47 (full 10):
 garbage-first heap   total 1269760K, used 250450K [0x0000000444000000, 0x0000000800000000)
  region size 8192K, 2 young (16384K), 2 survivors (16384K)
 Metaspace       used 84527K, committed 84864K, reserved 1179648K
  class space    used 8281K, committed 8448K, reserved 1048576K
}
Event: 27.850 GC heap before
{Heap before GC invocations=47 (full 10):
 garbage-first heap   total 1269760K, used 422482K [0x0000000444000000, 0x0000000800000000)
  region size 8192K, 3 young (24576K), 2 survivors (16384K)
 Metaspace       used 84527K, committed 84864K, reserved 1179648K
  class space    used 8281K, committed 8448K, reserved 1048576K
}
Event: 29.027 GC heap after
{Heap after GC invocations=48 (full 10):
 garbage-first heap   total 3809280K, used 250453K [0x0000000444000000, 0x0000000800000000)
  region size 8192K, 2 young (16384K), 2 survivors (16384K)
 Metaspace       used 84527K, committed 84864K, reserved 1179648K
  class space    used 8281K, committed 8448K, reserved 1048576K
}
Event: 29.462 GC heap before
{Heap before GC invocations=48 (full 10):
 garbage-first heap   total 3809280K, used 3297877K [0x0000000444000000, 0x0000000800000000)
  region size 8192K, 23 young (188416K), 2 survivors (16384K)
 Metaspace       used 84533K, committed 84864K, reserved 1179648K
  class space    used 8281K, committed 8448K, reserved 1048576K
}
Event: 30.023 GC heap after
{Heap after GC invocations=49 (full 10):
 garbage-first heap   total 3809280K, used 246188K [0x0000000444000000, 0x0000000800000000)
  region size 8192K, 3 young (24576K), 3 survivors (24576K)
 Metaspace       used 84533K, committed 84864K, reserved 1179648K
  class space    used 8281K, committed 8448K, reserved 1048576K
}
Event: 30.131 GC heap before
{Heap before GC invocations=49 (full 10):
 garbage-first heap   total 3809280K, used 401836K [0x0000000444000000, 0x0000000800000000)
  region size 8192K, 23 young (188416K), 3 survivors (24576K)
 Metaspace       used 84710K, committed 85056K, reserved 1179648K
  class space    used 8283K, committed 8448K, reserved 1048576K
}
Event: 30.140 GC heap after
{Heap after GC invocations=50 (full 10):
 garbage-first heap   total 3809280K, used 248565K [0x0000000444000000, 0x0000000800000000)
  region size 8192K, 2 young (16384K), 2 survivors (16384K)
 Metaspace       used 84710K, committed 85056K, reserved 1179648K
  class space    used 8283K, committed 8448K, reserved 1048576K
}
Event: 33.889 GC heap before
{Heap before GC invocations=50 (full 10):
 garbage-first heap   total 3809280K, used 412405K [0x0000000444000000, 0x0000000800000000)
  region size 8192K, 23 young (188416K), 2 survivors (16384K)
 Metaspace       used 89073K, committed 89472K, reserved 1179648K
  class space    used 8556K, committed 8768K, reserved 1048576K
}
Event: 33.894 GC heap after
{Heap after GC invocations=51 (full 10):
 garbage-first heap   total 3809280K, used 267546K [0x0000000444000000, 0x0000000800000000)
  region size 8192K, 3 young (24576K), 3 survivors (24576K)
 Metaspace       used 89073K, committed 89472K, reserved 1179648K
  class space    used 8556K, committed 8768K, reserved 1048576K
}
Event: 33.982 GC heap before
{Heap before GC invocations=51 (full 10):
 garbage-first heap   total 3809280K, used 431386K [0x0000000444000000, 0x0000000800000000)
  region size 8192K, 23 young (188416K), 3 survivors (24576K)
 Metaspace       used 89089K, committed 89472K, reserved 1179648K
  class space    used 8556K, committed 8768K, reserved 1048576K
}
Event: 33.985 GC heap after
{Heap after GC invocations=52 (full 10):
 garbage-first heap   total 3809280K, used 271011K [0x0000000444000000, 0x0000000800000000)
  region size 8192K, 1 young (8192K), 1 survivors (8192K)
 Metaspace       used 89089K, committed 89472K, reserved 1179648K
  class space    used 8556K, committed 8768K, reserved 1048576K
}
Event: 34.064 GC heap before
{Heap before GC invocations=52 (full 10):
 garbage-first heap   total 3809280K, used 451235K [0x0000000444000000, 0x0000000800000000)
  region size 8192K, 23 young (188416K), 1 survivors (8192K)
 Metaspace       used 89096K, committed 89472K, reserved 1179648K
  class space    used 8557K, committed 8768K, reserved 1048576K
}

